<?xml version="1.0" encoding="UTF-8"?>
<Site BuildName="Linux-c++"
	BuildStamp="20241221-0740-Experimental"
	Name="zigork-mybook-zenith"
	Generator="ctest-3.28.3"
	CompilerName="/usr/bin/c++"
	CompilerVersion="13.3.0"
	OSName="Linux"
	Hostname="zigork-mybook-zenith"
	OSRelease="6.8.0-51-generic"
	OSVersion="#52-Ubuntu SMP PREEMPT_DYNAMIC Thu Dec  5 13:09:44 UTC 2024"
	OSPlatform="x86_64"
	Is64Bits="1"
	VendorString="AuthenticAMD"
	VendorID="Advanced Micro Devices"
	FamilyID="25"
	ModelID="80"
	ProcessorCacheSize="512"
	NumberOfLogicalCPU="16"
	NumberOfPhysicalCPU="8"
	TotalVirtualMemory="8191"
	TotalPhysicalMemory="31506"
	LogicalProcessorsPerPhysical="2"
	ProcessorClockFrequency="4390.35"
	>
	<Testing>
		<StartDateTime>Dec 21 14:40 +07</StartDateTime>
		<StartTestTime>1734766832</StartTestTime>
		<TestList/>
		<EndDateTime>Dec 21 14:40 +07</EndDateTime>
		<EndTestTime>1734766832</EndTestTime>
		<ElapsedMinutes>0</ElapsedMinutes>
	</Testing>
</Site>
